Tue 15 Sep 2020 14:35:59 WARNING plansetup.py 65 20764 warn message
Tue 15 Sep 2020 14:35:59 ERROR plansetup.py 66 20764 error message
Tue 15 Sep 2020 14:35:59 CRITICAL plansetup.py 67 20764 critical message
Tue 15 Sep 2020 14:54:25 WARNING plansetup.py 64 25064 warn message
Tue 15 Sep 2020 14:54:25 ERROR plansetup.py 65 25064 error message
Tue 15 Sep 2020 14:54:25 CRITICAL plansetup.py 66 25064 critical message
Tue 15 Sep 2020 14:54:47 WARNING plansetup.py 64 20972 warn message
Tue 15 Sep 2020 14:54:47 ERROR plansetup.py 65 20972 error message
Tue 15 Sep 2020 14:54:47 CRITICAL plansetup.py 66 20972 critical message
Tue 15 Sep 2020 14:55:34 WARNING plansetup.py 64 23448 warn message
Tue 15 Sep 2020 14:55:34 ERROR plansetup.py 65 23448 error message
Tue 15 Sep 2020 14:55:34 CRITICAL plansetup.py 66 23448 critical message
Tue 15 Sep 2020 14:56:17 WARNING plansetup.py 64 4360 warn message
Tue 15 Sep 2020 14:56:17 ERROR plansetup.py 65 4360 error message
Tue 15 Sep 2020 14:56:17 CRITICAL plansetup.py 66 4360 critical message
Tue 15 Sep 2020 14:56:24 WARNING plansetup.py 64 25964 warn message
Tue 15 Sep 2020 14:56:24 ERROR plansetup.py 65 25964 error message
Tue 15 Sep 2020 14:56:24 CRITICAL plansetup.py 66 25964 critical message
Wed 16 Sep 2020 10:57:17 WARNING plansetup.py 64 12195 warn message
Wed 16 Sep 2020 10:57:17 ERROR plansetup.py 65 12195 error message
Wed 16 Sep 2020 10:57:17 CRITICAL plansetup.py 66 12195 critical message
Wed 16 Sep 2020 10:59:05 WARNING plansetup.py 64 13059 warn message
Wed 16 Sep 2020 10:59:05 ERROR plansetup.py 65 13059 error message
Wed 16 Sep 2020 10:59:05 CRITICAL plansetup.py 66 13059 critical message
Wed 16 Sep 2020 11:00:36 WARNING plansetup.py 64 13202 warn message
Wed 16 Sep 2020 11:00:36 ERROR plansetup.py 65 13202 error message
Wed 16 Sep 2020 11:00:36 CRITICAL plansetup.py 66 13202 critical message
Wed 16 Sep 2020 11:05:31 WARNING plansetup.py 64 13394 warn message
Wed 16 Sep 2020 11:05:31 ERROR plansetup.py 65 13394 error message
Wed 16 Sep 2020 11:05:31 CRITICAL plansetup.py 66 13394 critical message
Wed 16 Sep 2020 11:06:00 WARNING plansetup.py 64 13441 warn message
Wed 16 Sep 2020 11:06:00 ERROR plansetup.py 65 13441 error message
Wed 16 Sep 2020 11:06:00 CRITICAL plansetup.py 66 13441 critical message
Wed 16 Sep 2020 11:06:29 WARNING plansetup.py 64 13509 warn message
Wed 16 Sep 2020 11:06:29 ERROR plansetup.py 65 13509 error message
Wed 16 Sep 2020 11:06:29 CRITICAL plansetup.py 66 13509 critical message
Wed 16 Sep 2020 11:07:48 WARNING plansetup.py 64 13627 warn message
Wed 16 Sep 2020 11:07:48 ERROR plansetup.py 65 13627 error message
Wed 16 Sep 2020 11:07:48 CRITICAL plansetup.py 66 13627 critical message
Wed 16 Sep 2020 11:08:42 WARNING plansetup.py 64 13970 warn message
Wed 16 Sep 2020 11:08:42 ERROR plansetup.py 65 13970 error message
Wed 16 Sep 2020 11:08:42 CRITICAL plansetup.py 66 13970 critical message
Wed 16 Sep 2020 11:08:58 WARNING plansetup.py 64 14016 warn message
Wed 16 Sep 2020 11:08:58 ERROR plansetup.py 65 14016 error message
Wed 16 Sep 2020 11:08:58 CRITICAL plansetup.py 66 14016 critical message
Wed 16 Sep 2020 11:13:00 WARNING plansetup.py 64 14259 warn message
Wed 16 Sep 2020 11:13:00 ERROR plansetup.py 65 14259 error message
Wed 16 Sep 2020 11:13:00 CRITICAL plansetup.py 66 14259 critical message
Wed 16 Sep 2020 11:13:18 WARNING plansetup.py 64 14327 warn message
Wed 16 Sep 2020 11:13:18 ERROR plansetup.py 65 14327 error message
Wed 16 Sep 2020 11:13:18 CRITICAL plansetup.py 66 14327 critical message
Wed 16 Sep 2020 11:17:13 WARNING plansetup.py 64 15030 warn message
Wed 16 Sep 2020 11:17:13 ERROR plansetup.py 65 15030 error message
Wed 16 Sep 2020 11:17:13 CRITICAL plansetup.py 66 15030 critical message
Wed 16 Sep 2020 11:17:45 WARNING plansetup.py 64 15106 warn message
Wed 16 Sep 2020 11:17:45 ERROR plansetup.py 65 15106 error message
Wed 16 Sep 2020 11:17:45 CRITICAL plansetup.py 66 15106 critical message
Wed 16 Sep 2020 11:18:56 WARNING plansetup.py 64 15275 warn message
Wed 16 Sep 2020 11:18:56 ERROR plansetup.py 65 15275 error message
Wed 16 Sep 2020 11:18:56 CRITICAL plansetup.py 66 15275 critical message
Wed 16 Sep 2020 11:19:30 WARNING plansetup.py 64 15349 warn message
Wed 16 Sep 2020 11:19:30 ERROR plansetup.py 65 15349 error message
Wed 16 Sep 2020 11:19:30 CRITICAL plansetup.py 66 15349 critical message
Wed 16 Sep 2020 11:22:03 WARNING plansetup.py 64 15769 warn message
Wed 16 Sep 2020 11:22:03 ERROR plansetup.py 65 15769 error message
Wed 16 Sep 2020 11:22:03 CRITICAL plansetup.py 66 15769 critical message
Wed 16 Sep 2020 16:09:47 WARNING plansetup.py 76 19377 warn message
Wed 16 Sep 2020 16:09:47 ERROR plansetup.py 77 19377 error message
Wed 16 Sep 2020 16:09:47 CRITICAL plansetup.py 78 19377 critical message
Wed 16 Sep 2020 16:15:56 WARNING plansetup.py 76 19572 warn message
Wed 16 Sep 2020 16:15:56 ERROR plansetup.py 77 19572 error message
Wed 16 Sep 2020 16:15:56 CRITICAL plansetup.py 78 19572 critical message
Wed 16 Sep 2020 16:16:34 WARNING plansetup.py 76 19643 warn message
Wed 16 Sep 2020 16:16:34 ERROR plansetup.py 77 19643 error message
Wed 16 Sep 2020 16:16:34 CRITICAL plansetup.py 78 19643 critical message
Wed 16 Sep 2020 16:18:24 WARNING plansetup.py 78 19987 warn message
Wed 16 Sep 2020 16:18:24 ERROR plansetup.py 79 19987 error message
Wed 16 Sep 2020 16:18:24 CRITICAL plansetup.py 80 19987 critical message
Wed 16 Sep 2020 16:20:07 WARNING plansetup.py 78 20197 warn message
Wed 16 Sep 2020 16:20:07 ERROR plansetup.py 79 20197 error message
Wed 16 Sep 2020 16:20:07 CRITICAL plansetup.py 80 20197 critical message
Wed 16 Sep 2020 16:40:58 WARNING plansetup.py 78 21134 warn message
Wed 16 Sep 2020 16:40:58 ERROR plansetup.py 79 21134 error message
Wed 16 Sep 2020 16:40:58 CRITICAL plansetup.py 80 21134 critical message
Wed 16 Sep 2020 16:42:23 WARNING plansetup.py 78 21444 warn message
Wed 16 Sep 2020 16:42:23 ERROR plansetup.py 79 21444 error message
Wed 16 Sep 2020 16:42:23 CRITICAL plansetup.py 80 21444 critical message
Wed 16 Sep 2020 16:46:56 WARNING plansetup.py 78 21852 warn message
Wed 16 Sep 2020 16:46:56 ERROR plansetup.py 79 21852 error message
Wed 16 Sep 2020 16:46:56 CRITICAL plansetup.py 80 21852 critical message
Wed 16 Sep 2020 16:47:50 WARNING plansetup.py 78 22478 warn message
Wed 16 Sep 2020 16:47:50 ERROR plansetup.py 79 22478 error message
Wed 16 Sep 2020 16:47:50 CRITICAL plansetup.py 80 22478 critical message
Wed 16 Sep 2020 16:48:50 WARNING plansetup.py 78 22545 warn message
Wed 16 Sep 2020 16:48:50 ERROR plansetup.py 79 22545 error message
Wed 16 Sep 2020 16:48:50 CRITICAL plansetup.py 80 22545 critical message
Wed 16 Sep 2020 16:51:57 WARNING plansetup.py 78 22804 warn message
Wed 16 Sep 2020 16:51:57 ERROR plansetup.py 79 22804 error message
Wed 16 Sep 2020 16:51:57 CRITICAL plansetup.py 80 22804 critical message
Wed 16 Sep 2020 16:52:09 WARNING plansetup.py 78 22850 warn message
Wed 16 Sep 2020 16:52:09 ERROR plansetup.py 79 22850 error message
Wed 16 Sep 2020 16:52:09 CRITICAL plansetup.py 80 22850 critical message
Wed 16 Sep 2020 16:52:48 WARNING plansetup.py 78 22969 warn message
Wed 16 Sep 2020 16:52:48 ERROR plansetup.py 79 22969 error message
Wed 16 Sep 2020 16:52:48 CRITICAL plansetup.py 80 22969 critical message
Wed 16 Sep 2020 16:53:21 WARNING plansetup.py 78 23061 warn message
Wed 16 Sep 2020 16:53:21 ERROR plansetup.py 79 23061 error message
Wed 16 Sep 2020 16:53:21 CRITICAL plansetup.py 80 23061 critical message
Wed 16 Sep 2020 16:55:00 WARNING plansetup.py 78 23215 warn message
Wed 16 Sep 2020 16:55:00 ERROR plansetup.py 79 23215 error message
Wed 16 Sep 2020 16:55:00 CRITICAL plansetup.py 80 23215 critical message
Wed 16 Sep 2020 16:57:48 WARNING plansetup.py 78 23520 warn message
Wed 16 Sep 2020 16:57:48 ERROR plansetup.py 79 23520 error message
Wed 16 Sep 2020 16:57:48 CRITICAL plansetup.py 80 23520 critical message
Wed 16 Sep 2020 17:06:40 WARNING plansetup.py 78 24497 warn message
Wed 16 Sep 2020 17:06:40 ERROR plansetup.py 79 24497 error message
Wed 16 Sep 2020 17:06:40 CRITICAL plansetup.py 80 24497 critical message
Wed 16 Sep 2020 17:07:39 WARNING plansetup.py 78 24581 warn message
Wed 16 Sep 2020 17:07:39 ERROR plansetup.py 79 24581 error message
Wed 16 Sep 2020 17:07:39 CRITICAL plansetup.py 80 24581 critical message
Wed 16 Sep 2020 17:08:35 WARNING plansetup.py 78 24674 warn message
Wed 16 Sep 2020 17:08:35 ERROR plansetup.py 79 24674 error message
Wed 16 Sep 2020 17:08:35 CRITICAL plansetup.py 80 24674 critical message
Wed 16 Sep 2020 17:09:17 WARNING plansetup.py 78 24751 warn message
Wed 16 Sep 2020 17:09:17 ERROR plansetup.py 79 24751 error message
Wed 16 Sep 2020 17:09:17 CRITICAL plansetup.py 80 24751 critical message
Wed 16 Sep 2020 17:09:42 WARNING plansetup.py 78 24805 warn message
Wed 16 Sep 2020 17:09:42 ERROR plansetup.py 79 24805 error message
Wed 16 Sep 2020 17:09:42 CRITICAL plansetup.py 80 24805 critical message
